<?xml version="1.0" encoding="UTF-8"?>
<!-- Generated by org.testng.reporters.JUnitReportReporter -->
<testsuite hostname="DESKTOP-JLV575E" failures="0" tests="1" name="com.learnertracker.test.AdminEditLearnerClass" time="3.154" errors="0" timestamp="2024-02-10T11:49:02 IST" skipped="0">
  <testcase classname="com.learnertracker.test.AdminEditLearnerClass" name="addLearnersWithValidData" time="3.154"/>
</testsuite> <!-- com.learnertracker.test.AdminEditLearnerClass -->
