<?xml version="1.0" encoding="UTF-8"?>
<!-- Generated by org.testng.reporters.JUnitReportReporter -->
<testsuite hostname="DESKTOP-JLV575E" failures="0" tests="2" name="com.learnertracker.test.AdminManageLearnerClass" time="5.080" errors="0" timestamp="2024-02-11T19:46:37 IST" skipped="0">
  <testcase classname="com.learnertracker.test.AdminManageLearnerClass" name="adminDeleteLearner" time="2.917"/>
  <testcase classname="com.learnertracker.test.AdminManageLearnerClass" name="adminEditLearner" time="2.163"/>
</testsuite> <!-- com.learnertracker.test.AdminManageLearnerClass -->
