<?xml version="1.0" encoding="UTF-8"?>
<!-- Generated by org.testng.reporters.JUnitReportReporter -->
<testsuite hostname="DESKTOP-JLV575E" failures="0" tests="8" name="com.learnertracker.test.TestClass" time="9.210" errors="0" timestamp="2024-02-07T15:04:54 IST" skipped="0">
  <testcase classname="com.learnertracker.test.TestClass" name="testcase6" time="1.580"/>
  <testcase classname="com.learnertracker.test.TestClass" name="testcase2" time="1.127"/>
  <testcase classname="com.learnertracker.test.TestClass" name="testcase5" time="1.138"/>
  <testcase classname="com.learnertracker.test.TestClass" name="testcase7" time="0.993"/>
  <testcase classname="com.learnertracker.test.TestClass" name="testcase4" time="0.787"/>
  <testcase classname="com.learnertracker.test.TestClass" name="testcase8" time="1.128"/>
  <testcase classname="com.learnertracker.test.TestClass" name="testcase3" time="0.815"/>
  <testcase classname="com.learnertracker.test.TestClass" name="testcase1" time="1.642"/>
</testsuite> <!-- com.learnertracker.test.TestClass -->
