<?xml version="1.0" encoding="UTF-8"?>
<!-- Generated by org.testng.reporters.JUnitReportReporter -->
<testsuite hostname="DESKTOP-JLV575E" failures="0" tests="8" name="com.learnertracker.test.LoginTestClass" time="10.221" errors="0" timestamp="2024-02-11T11:26:24 IST" skipped="0">
  <testcase classname="com.learnertracker.test.LoginTestClass" name="testcase3" time="0.770"/>
  <testcase classname="com.learnertracker.test.LoginTestClass" name="testcase6" time="1.776"/>
  <testcase classname="com.learnertracker.test.LoginTestClass" name="testcase5" time="0.954"/>
  <testcase classname="com.learnertracker.test.LoginTestClass" name="testcase2" time="0.664"/>
  <testcase classname="com.learnertracker.test.LoginTestClass" name="testcase8" time="1.746"/>
  <testcase classname="com.learnertracker.test.LoginTestClass" name="testcase1" time="1.198"/>
  <testcase classname="com.learnertracker.test.LoginTestClass" name="testcase4" time="0.780"/>
  <testcase classname="com.learnertracker.test.LoginTestClass" name="testcase7" time="2.333"/>
</testsuite> <!-- com.learnertracker.test.LoginTestClass -->
