<?xml version="1.0" encoding="UTF-8"?>
<!-- Generated by org.testng.reporters.JUnitReportReporter -->
<testsuite hostname="DESKTOP-JLV575E" failures="0" tests="1" name="com.learnertracker.test.AdminAddUserClass" time="2.282" errors="0" timestamp="2024-02-18T16:11:51 IST" skipped="0">
  <testcase classname="com.learnertracker.test.AdminAddUserClass" name="addUserWithValidCredentials" time="2.282"/>
</testsuite> <!-- com.learnertracker.test.AdminAddUserClass -->
