<?xml version="1.0" encoding="UTF-8"?>
<!-- Generated by org.testng.reporters.JUnitReportReporter -->
<testsuite hostname="DESKTOP-JLV575E" failures="0" tests="1" name="com.learnertracker.test.TrainerEditDeleteFunctionClass" time="2.757" errors="0" timestamp="2024-02-10T21:39:09 IST" skipped="0">
  <testcase classname="com.learnertracker.test.TrainerEditDeleteFunctionClass" name="addLearnersWithValidData" time="2.757"/>
</testsuite> <!-- com.learnertracker.test.TrainerEditDeleteFunctionClass -->
