<?xml version="1.0" encoding="UTF-8"?>
<!-- Generated by org.testng.reporters.JUnitReportReporter -->
<testsuite hostname="DESKTOP-JLV575E" failures="0" tests="1" name="com.learnertracker.test.AdminAddLearnerClass" time="2.102" errors="0" timestamp="2024-02-18T21:42:34 IST" skipped="0">
  <testcase classname="com.learnertracker.test.AdminAddLearnerClass" name="addLearnersWithValidData" time="2.102"/>
</testsuite> <!-- com.learnertracker.test.AdminAddLearnerClass -->
