<?xml version="1.0" encoding="UTF-8"?>
<!-- Generated by org.testng.reporters.JUnitReportReporter -->
<testsuite hostname="DESKTOP-JLV575E" failures="0" tests="1" name="com.learnertracker.test.AdminAddLearnerClass" time="3.040" errors="0" timestamp="2024-02-18T20:17:15 IST" skipped="0">
  <testcase classname="com.learnertracker.test.AdminAddLearnerClass" name="addLearnersWithValidData" time="3.040"/>
</testsuite> <!-- com.learnertracker.test.AdminAddLearnerClass -->
