<?xml version="1.0" encoding="UTF-8"?>
<!-- Generated by org.testng.reporters.JUnitReportReporter -->
<testsuite hostname="DESKTOP-JLV575E" failures="0" tests="2" name="com.learnertracker.test.AdminManageUsersClass" time="1.980" errors="0" timestamp="2024-02-11T21:09:36 IST" skipped="0">
  <testcase classname="com.learnertracker.test.AdminManageUsersClass" name="adminDeleteUser" time="1.575"/>
  <testcase classname="com.learnertracker.test.AdminManageUsersClass" name="adminEditUser" time="0.405"/>
</testsuite> <!-- com.learnertracker.test.AdminManageUsersClass -->
