<?xml version="1.0" encoding="UTF-8"?>
<!-- Generated by org.testng.reporters.JUnitReportReporter -->
<testsuite hostname="DESKTOP-JLV575E" failures="0" tests="10" name="com.learnertracker.test.AdminAddLearnerClass" time="16.985" errors="0" timestamp="2024-02-12T23:17:53 IST" skipped="0">
  <testcase classname="com.learnertracker.test.AdminAddLearnerClass" name="trainerAddLearnerViaCsv" time="0.480"/>
  <testcase classname="com.learnertracker.test.AdminAddLearnerClass" name="addLearnersWithBlankCourseField" time="1.687"/>
  <testcase classname="com.learnertracker.test.AdminAddLearnerClass" name="addLearnersWithInvalidLearnerId" time="1.901"/>
  <testcase classname="com.learnertracker.test.AdminAddLearnerClass" name="addLearnersWithBlankName" time="1.665"/>
  <testcase classname="com.learnertracker.test.AdminAddLearnerClass" name="addLearnersWithInvalidName" time="2.315"/>
  <testcase classname="com.learnertracker.test.AdminAddLearnerClass" name="addLearnersWithValidData" time="1.525"/>
  <testcase classname="com.learnertracker.test.AdminAddLearnerClass" name="addLearnersWithBlankCourseStatusField" time="1.698"/>
  <testcase classname="com.learnertracker.test.AdminAddLearnerClass" name="addLearnersWithBlankLearnerId" time="1.822"/>
  <testcase classname="com.learnertracker.test.AdminAddLearnerClass" name="addLearnersWithBlankBatchField" time="2.077"/>
  <testcase classname="com.learnertracker.test.AdminAddLearnerClass" name="addLearnersWithBlankProjectField" time="1.815"/>
</testsuite> <!-- com.learnertracker.test.AdminAddLearnerClass -->
