<?xml version="1.0" encoding="UTF-8"?>
<!-- Generated by org.testng.reporters.JUnitReportReporter -->
<testsuite hostname="DESKTOP-JLV575E" failures="0" tests="2" name="com.learnertracker.test.TrainerManageLearnerClass" time="6.502" errors="0" timestamp="2024-02-11T21:22:43 IST" skipped="0">
  <testcase classname="com.learnertracker.test.TrainerManageLearnerClass" name="editLearner" time="3.435"/>
  <testcase classname="com.learnertracker.test.TrainerManageLearnerClass" name="deleteLearner" time="3.067"/>
</testsuite> <!-- com.learnertracker.test.TrainerManageLearnerClass -->
