<?xml version="1.0" encoding="UTF-8"?>
<!-- Generated by org.testng.reporters.JUnitReportReporter -->
<testsuite hostname="DESKTOP-JLV575E" failures="0" tests="1" name="com.learnertracker.test.PlacementOfficerClass" time="1.904" errors="0" timestamp="2024-02-11T13:26:57 IST" skipped="0">
  <testcase classname="com.learnertracker.test.PlacementOfficerClass" name="adminPlacementStatusUpdate" time="1.904"/>
</testsuite> <!-- com.learnertracker.test.PlacementOfficerClass -->
