<?xml version="1.0" encoding="UTF-8"?>
<!-- Generated by org.testng.reporters.JUnitReportReporter -->
<testsuite hostname="DESKTOP-JLV575E" failures="0" tests="9" name="com.learnertracker.test.AdminAddLearnerClass" time="26.770" errors="0" timestamp="2024-02-11T19:30:09 IST" skipped="0">
  <testcase classname="com.learnertracker.test.AdminAddLearnerClass" name="addLearnersWithBlankCourseStatusField" time="3.187"/>
  <testcase classname="com.learnertracker.test.AdminAddLearnerClass" name="addLearnersWithBlankLearnerId" time="2.652"/>
  <testcase classname="com.learnertracker.test.AdminAddLearnerClass" name="addLearnersWithBlankCourseField" time="2.855"/>
  <testcase classname="com.learnertracker.test.AdminAddLearnerClass" name="addLearnersWithInvalidLearnerId" time="3.141"/>
  <testcase classname="com.learnertracker.test.AdminAddLearnerClass" name="addLearnersWithBlankName" time="2.700"/>
  <testcase classname="com.learnertracker.test.AdminAddLearnerClass" name="addLearnersWithValidData" time="2.796"/>
  <testcase classname="com.learnertracker.test.AdminAddLearnerClass" name="addLearnersWithBlankBatchField" time="2.615"/>
  <testcase classname="com.learnertracker.test.AdminAddLearnerClass" name="addLearnersWithInvalidName" time="4.375"/>
  <testcase classname="com.learnertracker.test.AdminAddLearnerClass" name="addLearnersWithBlankProjectField" time="2.449"/>
</testsuite> <!-- com.learnertracker.test.AdminAddLearnerClass -->
