<?xml version="1.0" encoding="UTF-8"?>
<!-- Generated by org.testng.reporters.JUnitReportReporter -->
<testsuite hostname="DESKTOP-JLV575E" failures="0" tests="1" name="com.learnertracker.test.AdminUpdatePlacementStatusClass" time="2.002" errors="0" timestamp="2024-02-11T20:43:52 IST" skipped="0">
  <testcase classname="com.learnertracker.test.AdminUpdatePlacementStatusClass" name="adminPlacementStatusUpdate" time="2.002"/>
</testsuite> <!-- com.learnertracker.test.AdminUpdatePlacementStatusClass -->
